<?xml version="1.0" encoding="UTF-8"?>
<!-- Generated by org.testng.reporters.JUnitXMLReporter -->
<testsuite ignored="0" hostname="MKOKANE10A" failures="0" tests="10" name="Test" time="124.398" errors="0" timestamp="2024-06-27T11:09:55 IST">
  <testcase classname="com.prjct.qa.testcases.LoginpageTest" name="crmlogotest" time="0.062"/>
  <testcase classname="com.prjct.qa.testcases.LoginpageTest" name="loginTest" time="0.276"/>
  <testcase classname="com.prjct.qa.testcases.LoginpageTest" name="loginpagetitletest" time="0.007"/>
  <testcase classname="com.prjct.qa.testcases.HomepageTest" name="clickVerifyFavoritesPageTitile" time="8.76"/>
  <testcase classname="com.prjct.qa.testcases.HomepageTest" name="verifyInboundPageTitle" time="10.056"/>
  <testcase classname="com.prjct.qa.testcases.HomepageTest" name="verifyInventoryMaintainancePageTitle" time="8.6"/>
  <testcase classname="com.prjct.qa.testcases.HomepageTest" name="verifyOutboundPageTitle" time="8.869"/>
  <testcase classname="com.prjct.qa.testcases.HomepageTest" name="verifySelfserviceReportingPageTitle" time="8.344"/>
  <testcase classname="com.prjct.qa.testcases.HomepageTest" name="verifyUsersandGroupsPageTitle" time="9.633"/>
  <testcase classname="com.prjct.qa.testcases.HomepageTest" name="verifyUtilitiesPageTitle" time="9.346"/>
</testsuite> <!-- Test -->
