<?xml version="1.0" encoding="UTF-8"?>
<testng-results ignored="0" total="10" passed="10" failed="0" skipped="0">
  <reporter-output>
  </reporter-output>
  <suite started-at="2024-06-27T11:07:51 IST" name="Suite" finished-at="2024-06-27T11:09:55 IST" duration-ms="124398">
    <groups>
    </groups>
    <test started-at="2024-06-27T11:07:51 IST" name="Test" finished-at="2024-06-27T11:09:55 IST" duration-ms="124398">
      <class name="com.prjct.qa.testcases.LoginpageTest">
        <test-method is-config="true" signature="setup()[pri:0, instance:com.prjct.qa.testcases.LoginpageTest@20ce78ec]" started-at="2024-06-27T11:07:51 IST" name="setup" finished-at="2024-06-27T11:07:57 IST" duration-ms="5872" status="PASS">
          <reporter-output>
          </reporter-output>
        </test-method> <!-- setup -->
        <test-method signature="crmlogotest()[pri:0, instance:com.prjct.qa.testcases.LoginpageTest@20ce78ec]" started-at="2024-06-27T11:07:57 IST" name="crmlogotest" finished-at="2024-06-27T11:07:57 IST" duration-ms="62" status="PASS">
          <reporter-output>
          </reporter-output>
        </test-method> <!-- crmlogotest -->
        <test-method is-config="true" signature="teardown()[pri:0, instance:com.prjct.qa.testcases.LoginpageTest@20ce78ec]" started-at="2024-06-27T11:07:57 IST" name="teardown" finished-at="2024-06-27T11:07:57 IST" duration-ms="96" status="PASS">
          <reporter-output>
          </reporter-output>
        </test-method> <!-- teardown -->
        <test-method is-config="true" signature="setup()[pri:0, instance:com.prjct.qa.testcases.LoginpageTest@20ce78ec]" started-at="2024-06-27T11:07:57 IST" name="setup" finished-at="2024-06-27T11:08:02 IST" duration-ms="5052" status="PASS">
          <reporter-output>
          </reporter-output>
        </test-method> <!-- setup -->
        <test-method signature="loginTest()[pri:0, instance:com.prjct.qa.testcases.LoginpageTest@20ce78ec]" started-at="2024-06-27T11:08:02 IST" name="loginTest" finished-at="2024-06-27T11:08:02 IST" duration-ms="276" status="PASS">
          <reporter-output>
          </reporter-output>
        </test-method> <!-- loginTest -->
        <test-method is-config="true" signature="teardown()[pri:0, instance:com.prjct.qa.testcases.LoginpageTest@20ce78ec]" started-at="2024-06-27T11:08:02 IST" name="teardown" finished-at="2024-06-27T11:08:02 IST" duration-ms="104" status="PASS">
          <reporter-output>
          </reporter-output>
        </test-method> <!-- teardown -->
        <test-method is-config="true" signature="setup()[pri:0, instance:com.prjct.qa.testcases.LoginpageTest@20ce78ec]" started-at="2024-06-27T11:08:02 IST" name="setup" finished-at="2024-06-27T11:08:07 IST" duration-ms="5150" status="PASS">
          <reporter-output>
          </reporter-output>
        </test-method> <!-- setup -->
        <test-method signature="loginpagetitletest()[pri:0, instance:com.prjct.qa.testcases.LoginpageTest@20ce78ec]" started-at="2024-06-27T11:08:07 IST" name="loginpagetitletest" finished-at="2024-06-27T11:08:07 IST" duration-ms="7" status="PASS">
          <reporter-output>
          </reporter-output>
        </test-method> <!-- loginpagetitletest -->
        <test-method is-config="true" signature="teardown()[pri:0, instance:com.prjct.qa.testcases.LoginpageTest@20ce78ec]" started-at="2024-06-27T11:08:07 IST" name="teardown" finished-at="2024-06-27T11:08:08 IST" duration-ms="48" status="PASS">
          <reporter-output>
          </reporter-output>
        </test-method> <!-- teardown -->
      </class> <!-- com.prjct.qa.testcases.LoginpageTest -->
      <class name="com.prjct.qa.testcases.HomepageTest">
        <test-method is-config="true" signature="setup()[pri:0, instance:com.prjct.qa.testcases.HomepageTest@4fb61f4a]" started-at="2024-06-27T11:08:08 IST" name="setup" finished-at="2024-06-27T11:08:12 IST" duration-ms="4709" status="PASS">
          <reporter-output>
          </reporter-output>
        </test-method> <!-- setup -->
        <test-method signature="clickVerifyFavoritesPageTitile()[pri:0, instance:com.prjct.qa.testcases.HomepageTest@4fb61f4a]" started-at="2024-06-27T11:08:12 IST" name="clickVerifyFavoritesPageTitile" finished-at="2024-06-27T11:08:21 IST" duration-ms="8760" status="PASS">
          <reporter-output>
          </reporter-output>
        </test-method> <!-- clickVerifyFavoritesPageTitile -->
        <test-method is-config="true" signature="teardown()[pri:0, instance:com.prjct.qa.testcases.HomepageTest@4fb61f4a]" started-at="2024-06-27T11:08:21 IST" name="teardown" finished-at="2024-06-27T11:08:21 IST" duration-ms="93" status="PASS">
          <reporter-output>
          </reporter-output>
        </test-method> <!-- teardown -->
        <test-method is-config="true" signature="setup()[pri:0, instance:com.prjct.qa.testcases.HomepageTest@4fb61f4a]" started-at="2024-06-27T11:08:21 IST" name="setup" finished-at="2024-06-27T11:08:26 IST" duration-ms="4938" status="PASS">
          <reporter-output>
          </reporter-output>
        </test-method> <!-- setup -->
        <test-method signature="verifyInboundPageTitle()[pri:0, instance:com.prjct.qa.testcases.HomepageTest@4fb61f4a]" started-at="2024-06-27T11:08:26 IST" name="verifyInboundPageTitle" finished-at="2024-06-27T11:08:36 IST" duration-ms="10056" status="PASS">
          <reporter-output>
          </reporter-output>
        </test-method> <!-- verifyInboundPageTitle -->
        <test-method is-config="true" signature="teardown()[pri:0, instance:com.prjct.qa.testcases.HomepageTest@4fb61f4a]" started-at="2024-06-27T11:08:36 IST" name="teardown" finished-at="2024-06-27T11:08:36 IST" duration-ms="98" status="PASS">
          <reporter-output>
          </reporter-output>
        </test-method> <!-- teardown -->
        <test-method is-config="true" signature="setup()[pri:0, instance:com.prjct.qa.testcases.HomepageTest@4fb61f4a]" started-at="2024-06-27T11:08:36 IST" name="setup" finished-at="2024-06-27T11:08:46 IST" duration-ms="10073" status="PASS">
          <reporter-output>
          </reporter-output>
        </test-method> <!-- setup -->
        <test-method signature="verifyInventoryMaintainancePageTitle()[pri:0, instance:com.prjct.qa.testcases.HomepageTest@4fb61f4a]" started-at="2024-06-27T11:08:46 IST" name="verifyInventoryMaintainancePageTitle" finished-at="2024-06-27T11:08:55 IST" duration-ms="8600" status="PASS">
          <reporter-output>
          </reporter-output>
        </test-method> <!-- verifyInventoryMaintainancePageTitle -->
        <test-method is-config="true" signature="teardown()[pri:0, instance:com.prjct.qa.testcases.HomepageTest@4fb61f4a]" started-at="2024-06-27T11:08:55 IST" name="teardown" finished-at="2024-06-27T11:08:55 IST" duration-ms="93" status="PASS">
          <reporter-output>
          </reporter-output>
        </test-method> <!-- teardown -->
        <test-method is-config="true" signature="setup()[pri:0, instance:com.prjct.qa.testcases.HomepageTest@4fb61f4a]" started-at="2024-06-27T11:08:55 IST" name="setup" finished-at="2024-06-27T11:09:01 IST" duration-ms="5691" status="PASS">
          <reporter-output>
          </reporter-output>
        </test-method> <!-- setup -->
        <test-method signature="verifyOutboundPageTitle()[pri:0, instance:com.prjct.qa.testcases.HomepageTest@4fb61f4a]" started-at="2024-06-27T11:09:01 IST" name="verifyOutboundPageTitle" finished-at="2024-06-27T11:09:10 IST" duration-ms="8869" status="PASS">
          <reporter-output>
          </reporter-output>
        </test-method> <!-- verifyOutboundPageTitle -->
        <test-method is-config="true" signature="teardown()[pri:0, instance:com.prjct.qa.testcases.HomepageTest@4fb61f4a]" started-at="2024-06-27T11:09:10 IST" name="teardown" finished-at="2024-06-27T11:09:10 IST" duration-ms="55" status="PASS">
          <reporter-output>
          </reporter-output>
        </test-method> <!-- teardown -->
        <test-method is-config="true" signature="setup()[pri:0, instance:com.prjct.qa.testcases.HomepageTest@4fb61f4a]" started-at="2024-06-27T11:09:10 IST" name="setup" finished-at="2024-06-27T11:09:15 IST" duration-ms="5440" status="PASS">
          <reporter-output>
          </reporter-output>
        </test-method> <!-- setup -->
        <test-method signature="verifySelfserviceReportingPageTitle()[pri:0, instance:com.prjct.qa.testcases.HomepageTest@4fb61f4a]" started-at="2024-06-27T11:09:15 IST" name="verifySelfserviceReportingPageTitle" finished-at="2024-06-27T11:09:23 IST" duration-ms="8344" status="PASS">
          <reporter-output>
          </reporter-output>
        </test-method> <!-- verifySelfserviceReportingPageTitle -->
        <test-method is-config="true" signature="teardown()[pri:0, instance:com.prjct.qa.testcases.HomepageTest@4fb61f4a]" started-at="2024-06-27T11:09:23 IST" name="teardown" finished-at="2024-06-27T11:09:23 IST" duration-ms="84" status="PASS">
          <reporter-output>
          </reporter-output>
        </test-method> <!-- teardown -->
        <test-method is-config="true" signature="setup()[pri:0, instance:com.prjct.qa.testcases.HomepageTest@4fb61f4a]" started-at="2024-06-27T11:09:23 IST" name="setup" finished-at="2024-06-27T11:09:28 IST" duration-ms="4624" status="PASS">
          <reporter-output>
          </reporter-output>
        </test-method> <!-- setup -->
        <test-method signature="verifyUsersandGroupsPageTitle()[pri:0, instance:com.prjct.qa.testcases.HomepageTest@4fb61f4a]" started-at="2024-06-27T11:09:28 IST" name="verifyUsersandGroupsPageTitle" finished-at="2024-06-27T11:09:38 IST" duration-ms="9633" status="PASS">
          <reporter-output>
          </reporter-output>
        </test-method> <!-- verifyUsersandGroupsPageTitle -->
        <test-method is-config="true" signature="teardown()[pri:0, instance:com.prjct.qa.testcases.HomepageTest@4fb61f4a]" started-at="2024-06-27T11:09:38 IST" name="teardown" finished-at="2024-06-27T11:09:38 IST" duration-ms="93" status="PASS">
          <reporter-output>
          </reporter-output>
        </test-method> <!-- teardown -->
        <test-method is-config="true" signature="setup()[pri:0, instance:com.prjct.qa.testcases.HomepageTest@4fb61f4a]" started-at="2024-06-27T11:09:38 IST" name="setup" finished-at="2024-06-27T11:09:46 IST" duration-ms="7988" status="PASS">
          <reporter-output>
          </reporter-output>
        </test-method> <!-- setup -->
        <test-method signature="verifyUtilitiesPageTitle()[pri:0, instance:com.prjct.qa.testcases.HomepageTest@4fb61f4a]" started-at="2024-06-27T11:09:46 IST" name="verifyUtilitiesPageTitle" finished-at="2024-06-27T11:09:55 IST" duration-ms="9346" status="PASS">
          <reporter-output>
          </reporter-output>
        </test-method> <!-- verifyUtilitiesPageTitle -->
        <test-method is-config="true" signature="teardown()[pri:0, instance:com.prjct.qa.testcases.HomepageTest@4fb61f4a]" started-at="2024-06-27T11:09:55 IST" name="teardown" finished-at="2024-06-27T11:09:55 IST" duration-ms="107" status="PASS">
          <reporter-output>
          </reporter-output>
        </test-method> <!-- teardown -->
      </class> <!-- com.prjct.qa.testcases.HomepageTest -->
    </test> <!-- Test -->
  </suite> <!-- Suite -->
</testng-results>
